mode: set
logging-and-jwt/controller/book_controller.go:11.47,16.16 3 0
logging-and-jwt/controller/book_controller.go:23.2,26.4 1 0
logging-and-jwt/controller/book_controller.go:16.16,21.3 1 0
logging-and-jwt/controller/book_controller.go:29.49,36.16 4 0
logging-and-jwt/controller/book_controller.go:43.2,46.4 1 0
logging-and-jwt/controller/book_controller.go:36.16,41.3 1 0
logging-and-jwt/controller/book_controller.go:49.46,55.16 4 0
logging-and-jwt/controller/book_controller.go:62.2,65.4 1 0
logging-and-jwt/controller/book_controller.go:55.16,60.3 1 0
logging-and-jwt/controller/book_controller.go:68.49,72.16 3 0
logging-and-jwt/controller/book_controller.go:79.2,82.4 1 0
logging-and-jwt/controller/book_controller.go:72.16,77.3 1 0
logging-and-jwt/controller/book_controller.go:85.49,91.16 5 0
logging-and-jwt/controller/book_controller.go:98.2,99.22 2 0
logging-and-jwt/controller/book_controller.go:107.2,108.22 2 0
logging-and-jwt/controller/book_controller.go:115.2,118.4 1 0
logging-and-jwt/controller/book_controller.go:91.16,96.3 1 0
logging-and-jwt/controller/book_controller.go:99.22,104.3 1 0
logging-and-jwt/controller/book_controller.go:108.22,113.3 1 0
logging-and-jwt/controller/user_controller.go:17.47,22.16 3 1
logging-and-jwt/controller/user_controller.go:29.2,32.4 1 1
logging-and-jwt/controller/user_controller.go:22.16,27.3 1 0
logging-and-jwt/controller/user_controller.go:35.49,42.16 4 0
logging-and-jwt/controller/user_controller.go:49.2,52.4 1 0
logging-and-jwt/controller/user_controller.go:42.16,47.3 1 0
logging-and-jwt/controller/user_controller.go:55.46,62.16 4 0
logging-and-jwt/controller/user_controller.go:69.2,72.4 1 0
logging-and-jwt/controller/user_controller.go:62.16,67.3 1 0
logging-and-jwt/controller/user_controller.go:75.49,79.16 3 0
logging-and-jwt/controller/user_controller.go:86.2,89.4 1 0
logging-and-jwt/controller/user_controller.go:79.16,84.3 1 0
logging-and-jwt/controller/user_controller.go:92.49,98.16 5 0
logging-and-jwt/controller/user_controller.go:105.2,106.22 2 0
logging-and-jwt/controller/user_controller.go:114.2,115.22 2 0
logging-and-jwt/controller/user_controller.go:122.2,125.4 1 0
logging-and-jwt/controller/user_controller.go:98.16,103.3 1 0
logging-and-jwt/controller/user_controller.go:106.22,111.3 1 0
logging-and-jwt/controller/user_controller.go:115.22,120.3 1 0
logging-and-jwt/controller/user_controller.go:128.48,135.16 4 0
logging-and-jwt/controller/user_controller.go:142.2,144.16 2 0
logging-and-jwt/controller/user_controller.go:151.2,156.4 2 0
logging-and-jwt/controller/user_controller.go:135.16,140.3 1 0
logging-and-jwt/controller/user_controller.go:144.16,149.3 1 0
